<?xml version="1.0" encoding="UTF-8"?>
<!-- Generated by org.testng.reporters.JUnitXMLReporter -->
<testsuite ignored="0" hostname="Natasha" failures="0" tests="3" name="Command line test" time="10.033" errors="0" timestamp="2020-07-14T23:09:45 GMT+03:00">
  <testcase classname="Bank.AuthTest" name="emptyFields" time="4.633"/>
  <testcase classname="Bank.AuthTest" name="fieldLoginEmpty" time="0.873"/>
  <testcase classname="Bank.AuthTest" name="validData" time="0.872"/>
</testsuite> <!-- Command line test -->
